<?xml version="1.0" encoding="UTF-8"?>
<!-- Generated by org.testng.reporters.JUnitReportReporter -->
<testsuite skipped="0" hostname="DESKTOP-E3335QT" name="tests.AccessTests" tests="11" failures="0" timestamp="2019-12-15T16:06:11 CET" time="123.225" errors="0">
  <testcase name="loginTest" time="6.786" classname="tests.AccessTests"/>
  <testcase name="dashboardTest" time="12.414" classname="tests.AccessTests"/>
  <testcase name="updatesTest" time="11.624" classname="tests.AccessTests"/>
  <testcase name="modulesTest" time="17.736" classname="tests.AccessTests"/>
  <testcase name="accCustomersTest" time="10.379" classname="tests.AccessTests"/>
  <testcase name="addToursTest" time="12.008" classname="tests.AccessTests"/>
  <testcase name="allCarsTest" time="14.447" classname="tests.AccessTests"/>
  <testcase name="carsExtrasTest" time="10.999" classname="tests.AccessTests"/>
  <testcase name="couponsTest" time="8.508" classname="tests.AccessTests"/>
  <testcase name="newsletterTest" time="8.883" classname="tests.AccessTests"/>
  <testcase name="bookingsTest" time="9.441" classname="tests.AccessTests"/>
</testsuite> <!-- tests.AccessTests -->
