<?xml version="1.0" encoding="UTF-8"?>
<!-- Generated by org.testng.reporters.JUnitReportReporter -->
<testsuite skipped="0" hostname="DESKTOP-E3335QT" name="tests.TravelCarsExtrasTests" tests="3" failures="0" timestamp="2019-12-15T16:20:23 CET" time="83.028" errors="0">
  <testcase name="addExtras" time="31.586" classname="tests.TravelCarsExtrasTests"/>
  <testcase name="inputCharsInPrice" time="24.592" classname="tests.TravelCarsExtrasTests"/>
  <testcase name="uploadPicture" time="26.850" classname="tests.TravelCarsExtrasTests"/>
</testsuite> <!-- tests.TravelCarsExtrasTests -->
